0 info it worked if it ends with ok
1 verbose cli [ 'C:\\Program Files\\nodejs\\node.exe',
1 verbose cli   'C:\\Users\\lanacondio\\AppData\\Roaming\\npm\\node_modules\\npm\\bin\\npm-cli.js',
1 verbose cli   'run',
1 verbose cli   'server' ]
2 info using npm@4.1.2
3 info using node@v6.9.5
4 warn invalid config https-proxy=""
5 warn invalid config Must be a full url with 'http://'
6 verbose run-script [ 'preserver', 'server', 'postserver' ]
7 info lifecycle bunge-client@0.0.1~preserver: bunge-client@0.0.1
8 silly lifecycle bunge-client@0.0.1~preserver: no script for preserver, continuing
9 info lifecycle bunge-client@0.0.1~server: bunge-client@0.0.1
10 verbose lifecycle bunge-client@0.0.1~server: unsafe-perm in lifecycle true
11 verbose lifecycle bunge-client@0.0.1~server: PATH: C:\Users\lanacondio\AppData\Roaming\npm\node_modules\npm\bin\node-gyp-bin;C:\Users\lanacondio\Documents\facu\bunge\web\client\node_modules\.bin;C:\Users\lanacondio\AppData\Roaming\npm;C:\Program Files\nodejs\;c:\program files\graphicsmagick-1.3.25-q16;C:\Program Files\Haskell Platform\7.10.3\lib\extralibs\bin;C:\Program Files\Haskell Platform\7.10.3\bin;C:\WINDOWS\system32;C:\WINDOWS;C:\WINDOWS\System32\Wbem;C:\WINDOWS\System32\WindowsPowerShell\v1.0\;C:\Program Files\Microsoft DNX\Dnvm\;C:\Program Files\Microsoft SQL Server\120\Tools\Binn\;C:\Program Files (x86)\MiKTeX 2.9\miktex\bin\;C:\Program Files\Haskell Platform\7.10.3\mingw\bin;C:\Program Files (x86)\Windows Live\Shared;C:\Program Files\MySQL\MySQL Utilities 1.6\;C:\Program Files\Amazon\AWSCLI\;C:\Program Files\OpenVPN\bin;C:\Program Files\Git\cmd;C:\Program Files\nodejs\;C:\Program Files\PuTTY\;C:\Program Files\Microsoft SQL Server\130\Tools\Binn\;C:\Users\lanacondio\AppData\Roaming\cabal\bin;C:\Python34;C:\Program Files (x86)\Microsoft VS Code\bin;C:\Users\lanacondio\AppData\Roaming\npm
12 verbose lifecycle bunge-client@0.0.1~server: CWD: C:\Users\lanacondio\Documents\facu\bunge\web\client
13 silly lifecycle bunge-client@0.0.1~server: Args: [ '/d /s /c', 'cd backend && npm i && node server.js' ]
14 silly lifecycle bunge-client@0.0.1~server: Returned: code: 1  signal: null
15 info lifecycle bunge-client@0.0.1~server: Failed to exec server script
16 verbose stack Error: bunge-client@0.0.1 server: `cd backend && npm i && node server.js`
16 verbose stack Exit status 1
16 verbose stack     at EventEmitter.<anonymous> (C:\Users\lanacondio\AppData\Roaming\npm\node_modules\npm\lib\utils\lifecycle.js:279:16)
16 verbose stack     at emitTwo (events.js:106:13)
16 verbose stack     at EventEmitter.emit (events.js:191:7)
16 verbose stack     at ChildProcess.<anonymous> (C:\Users\lanacondio\AppData\Roaming\npm\node_modules\npm\lib\utils\spawn.js:40:14)
16 verbose stack     at emitTwo (events.js:106:13)
16 verbose stack     at ChildProcess.emit (events.js:191:7)
16 verbose stack     at maybeClose (internal/child_process.js:877:16)
16 verbose stack     at Process.ChildProcess._handle.onexit (internal/child_process.js:226:5)
17 verbose pkgid bunge-client@0.0.1
18 verbose cwd C:\Users\lanacondio\Documents\facu\bunge\web\client
19 error Windows_NT 10.0.10586
20 error argv "C:\\Program Files\\nodejs\\node.exe" "C:\\Users\\lanacondio\\AppData\\Roaming\\npm\\node_modules\\npm\\bin\\npm-cli.js" "run" "server"
21 error node v6.9.5
22 error npm  v4.1.2
23 error code ELIFECYCLE
24 error bunge-client@0.0.1 server: `cd backend && npm i && node server.js`
24 error Exit status 1
25 error Failed at the bunge-client@0.0.1 server script 'cd backend && npm i && node server.js'.
25 error Make sure you have the latest version of node.js and npm installed.
25 error If you do, this is most likely a problem with the bunge-client package,
25 error not with npm itself.
25 error Tell the author that this fails on your system:
25 error     cd backend && npm i && node server.js
25 error You can get information on how to open an issue for this project with:
25 error     npm bugs bunge-client
25 error Or if that isn't available, you can get their info via:
25 error     npm owner ls bunge-client
25 error There is likely additional logging output above.
26 verbose exit [ 1, true ]
